[{"timestamp": 1759999148.376252, "progress_item_id": "c09f1c54-21cd-4673-985b-68670bc7eba2", "status": "Pending", "status_text": null, "title": "Extract technical requirements from spec", "description": null, "parent_item_id": null, "__event_type__": "ProgressItemCreateEvent"}, {"timestamp": 1759999148.376317, "progress_item_id": "31041200-46ee-44a9-a94e-7ec044306a50", "status": "Pending", "status_text": null, "title": "Detect dependencies on external APIs and services", "description": null, "parent_item_id": null, "__event_type__": "ProgressItemCreateEvent"}, {"timestamp": 1759999148.3763394, "progress_item_id": "c6f7a3bd-c5d7-4214-a812-3f37635e9670", "status": "Pending", "status_text": null, "title": "Check configuration of external APIs", "description": null, "parent_item_id": null, "__event_type__": "ProgressItemCreateEvent"}, {"timestamp": 1759999148.376355, "progress_item_id": "0d55e312-11eb-4afd-a24f-0066d99c8236", "status": "Pending", "status_text": null, "title": "Setup project", "description": null, "parent_item_id": null, "__event_type__": "ProgressItemCreateEvent"}, {"timestamp": 1759999148.3763678, "progress_item_id": "8bbb68ba-7633-4e9d-a7cc-7c6baef34894", "status": "Pending", "status_text": null, "title": "Implement specification", "description": null, "parent_item_id": null, "__event_type__": "ProgressItemCreateEvent"}, {"timestamp": 1759999148.3763802, "progress_item_id": "ed674a30-a123-40c3-895d-2402fbbe84db", "status": "Pending", "status_text": null, "title": "Run sanity checks and fix problems with code", "description": null, "parent_item_id": null, "__event_type__": "ProgressItemCreateEvent"}, {"timestamp": 1759999148.376392, "progress_item_id": "7666fbdb-1975-457b-a6a4-0f124a3fe430", "status": "Pending", "status_text": null, "title": "Analyze source code and plan tests", "description": null, "parent_item_id": null, "__event_type__": "ProgressItemCreateEvent"}, {"timestamp": 1759999148.3764026, "progress_item_id": "adf3067b-4bcf-4813-afe1-09c869c81986", "status": "Pending", "status_text": null, "title": "Generate and fix tests", "description": null, "parent_item_id": null, "__event_type__": "ProgressItemCreateEvent"}, {"timestamp": 1759999148.4299834, "progress_item_id": "c09f1c54-21cd-4673-985b-68670bc7eba2", "status": "In Progress", "status_text": null, "__event_type__": "ProgressItemUpdateEvent"}, {"timestamp": 1759999148.43407, "progress_item_id": "architecture", "status": "Pending", "status_text": null, "__event_type__": "ProgressItemUpdateEvent"}, {"timestamp": 1759999148.4340832, "progress_item_id": "has_python", "status": "Pending", "status_text": null, "__event_type__": "ProgressItemUpdateEvent"}, {"timestamp": 1759999148.4340873, "progress_item_id": "has_node_js", "status": "Pending", "status_text": null, "__event_type__": "ProgressItemUpdateEvent"}, {"timestamp": 1759999148.4340901, "progress_item_id": "has_javascript", "status": "Pending", "status_text": null, "__event_type__": "ProgressItemUpdateEvent"}, {"timestamp": 1759999148.4340928, "progress_item_id": "has_sql_database", "status": "Pending", "status_text": null, "__event_type__": "ProgressItemUpdateEvent"}, {"timestamp": 1759999148.4340954, "progress_item_id": "has_django", "status": "Pending", "status_text": null, "__event_type__": "ProgressItemUpdateEvent"}, {"timestamp": 1759999148.4340973, "progress_item_id": "has_server", "status": "Pending", "status_text": null, "__event_type__": "ProgressItemUpdateEvent"}, {"timestamp": 1759999154.453842, "progress_item_id": "architecture", "status": "Done", "status_text": null, "__event_type__": "ProgressItemUpdateEvent"}, {"timestamp": 1759999154.454577, "progress_item_id": "has_python", "status": "Done", "status_text": null, "__event_type__": "ProgressItemUpdateEvent"}, {"timestamp": 1759999154.4551551, "progress_item_id": "has_node_js", "status": "Done", "status_text": null, "__event_type__": "ProgressItemUpdateEvent"}, {"timestamp": 1759999154.4555233, "progress_item_id": "has_javascript", "status": "Done", "status_text": null, "__event_type__": "ProgressItemUpdateEvent"}, {"timestamp": 1759999154.4559112, "progress_item_id": "has_sql_database", "status": "Done", "status_text": null, "__event_type__": "ProgressItemUpdateEvent"}, {"timestamp": 1759999154.456242, "progress_item_id": "has_django", "status": "Done", "status_text": null, "__event_type__": "ProgressItemUpdateEvent"}, {"timestamp": 1759999154.456585, "progress_item_id": "has_server", "status": "Done", "status_text": null, "__event_type__": "ProgressItemUpdateEvent"}, {"timestamp": 1759999161.1051784, "text": "console_application: False", "parent_progress_item_id": "c09f1c54-21cd-4673-985b-68670bc7eba2", "__event_type__": "TextOutputEvent"}, {"timestamp": 1759999161.105689, "text": "desktop_application: False", "parent_progress_item_id": "c09f1c54-21cd-4673-985b-68670bc7eba2", "__event_type__": "TextOutputEvent"}, {"timestamp": 1759999161.1063135, "text": "embedded_application: False", "parent_progress_item_id": "c09f1c54-21cd-4673-985b-68670bc7eba2", "__event_type__": "TextOutputEvent"}, {"timestamp": 1759999161.1073065, "text": "has_django: True", "parent_progress_item_id": "c09f1c54-21cd-4673-985b-68670bc7eba2", "__event_type__": "TextOutputEvent"}, {"timestamp": 1759999161.107739, "text": "has_javascript: True", "parent_progress_item_id": "c09f1c54-21cd-4673-985b-68670bc7eba2", "__event_type__": "TextOutputEvent"}, {"timestamp": 1759999161.1081362, "text": "has_node_js: False", "parent_progress_item_id": "c09f1c54-21cd-4673-985b-68670bc7eba2", "__event_type__": "TextOutputEvent"}, {"timestamp": 1759999161.1085074, "text": "has_python: True", "parent_progress_item_id": "c09f1c54-21cd-4673-985b-68670bc7eba2", "__event_type__": "TextOutputEvent"}, {"timestamp": 1759999161.1089444, "text": "has_server: True", "parent_progress_item_id": "c09f1c54-21cd-4673-985b-68670bc7eba2", "__event_type__": "TextOutputEvent"}, {"timestamp": 1759999161.109314, "text": "has_sql_database: True", "parent_progress_item_id": "c09f1c54-21cd-4673-985b-68670bc7eba2", "__event_type__": "TextOutputEvent"}, {"timestamp": 1759999161.1097314, "text": "library: False", "parent_progress_item_id": "c09f1c54-21cd-4673-985b-68670bc7eba2", "__event_type__": "TextOutputEvent"}, {"timestamp": 1759999161.1101017, "text": "mobile_application: False", "parent_progress_item_id": "c09f1c54-21cd-4673-985b-68670bc7eba2", "__event_type__": "TextOutputEvent"}, {"timestamp": 1759999161.110618, "text": "server: False", "parent_progress_item_id": "c09f1c54-21cd-4673-985b-68670bc7eba2", "__event_type__": "TextOutputEvent"}, {"timestamp": 1759999161.1109817, "text": "serverless_application: False", "parent_progress_item_id": "c09f1c54-21cd-4673-985b-68670bc7eba2", "__event_type__": "TextOutputEvent"}, {"timestamp": 1759999161.1113803, "text": "web_application: True", "parent_progress_item_id": "c09f1c54-21cd-4673-985b-68670bc7eba2", "__event_type__": "TextOutputEvent"}, {"timestamp": 1759999161.1120145, "progress_item_id": "c09f1c54-21cd-4673-985b-68670bc7eba2", "status": "Done", "status_text": null, "__event_type__": "ProgressItemUpdateEvent"}, {"timestamp": 1759999161.1274137, "progress_item_id": "31041200-46ee-44a9-a94e-7ec044306a50", "status": "In Progress", "status_text": null, "__event_type__": "ProgressItemUpdateEvent"}, {"timestamp": 1759999176.951135, "progress_item_id": "31041200-46ee-44a9-a94e-7ec044306a50", "status": "Done", "status_text": "Detected usages of the following external APIs: google_oauth", "__event_type__": "ProgressItemUpdateEvent"}, {"timestamp": 1759999176.9685848, "progress_item_id": "c6f7a3bd-c5d7-4214-a812-3f37635e9670", "status": "In Progress", "status_text": null, "__event_type__": "ProgressItemUpdateEvent"}, {"timestamp": 1759999176.9704719, "progress_item_id": "c6f7a3bd-c5d7-4214-a812-3f37635e9670", "status": "Done", "status_text": null, "__event_type__": "ProgressItemUpdateEvent"}, {"timestamp": 1759999176.9862838, "progress_item_id": "0d55e312-11eb-4afd-a24f-0066d99c8236", "status": "In Progress", "status_text": null, "__event_type__": "ProgressItemUpdateEvent"}, {"timestamp": 1759999176.9873226, "progress_item_id": "281879ae-6f30-4812-9188-4fd9ae1191ea", "status": "Pending", "status_text": null, "title": "Setup python project", "description": null, "parent_item_id": "0d55e312-11eb-4afd-a24f-0066d99c8236", "__event_type__": "ProgressItemCreateEvent"}, {"timestamp": 1759999176.987372, "progress_item_id": "94287d3a-8e42-4f60-9ba9-e6b39c41b46f", "status": "Pending", "status_text": null, "title": "Setup Django project", "description": null, "parent_item_id": "0d55e312-11eb-4afd-a24f-0066d99c8236", "__event_type__": "ProgressItemCreateEvent"}, {"timestamp": 1759999176.987391, "progress_item_id": "281879ae-6f30-4812-9188-4fd9ae1191ea", "status": "In Progress", "status_text": null, "__event_type__": "ProgressItemUpdateEvent"}, {"timestamp": 1759999178.3245916, "progress_item_id": "281879ae-6f30-4812-9188-4fd9ae1191ea", "status": "Done", "status_text": null, "__event_type__": "ProgressItemUpdateEvent"}, {"timestamp": 1759999178.3252199, "progress_item_id": "94287d3a-8e42-4f60-9ba9-e6b39c41b46f", "status": "In Progress", "status_text": null, "__event_type__": "ProgressItemUpdateEvent"}, {"timestamp": 1759999178.3404417, "progress_item_id": "94287d3a-8e42-4f60-9ba9-e6b39c41b46f", "status": "Done", "status_text": null, "__event_type__": "ProgressItemUpdateEvent"}, {"timestamp": 1759999178.3411784, "progress_item_id": "0d55e312-11eb-4afd-a24f-0066d99c8236", "status": "Done", "status_text": null, "__event_type__": "ProgressItemUpdateEvent"}, {"timestamp": 1759999178.3562117, "progress_item_id": "8bbb68ba-7633-4e9d-a7cc-7c6baef34894", "status": "In Progress", "status_text": null, "__event_type__": "ProgressItemUpdateEvent"}, {"timestamp": 1759999178.4007785, "progress_item_id": "27ab7dcb-a298-42d8-843d-f5f4c6f3f794", "status": "Pending", "status_text": null, "title": "Collect context & plan work", "description": null, "parent_item_id": "8bbb68ba-7633-4e9d-a7cc-7c6baef34894", "__event_type__": "ProgressItemCreateEvent"}, {"timestamp": 1759999178.4008322, "progress_item_id": "27ab7dcb-a298-42d8-843d-f5f4c6f3f794", "status": "In Progress", "status_text": null, "__event_type__": "ProgressItemUpdateEvent"}, {"timestamp": 1759999184.8632233, "text": "I'll analyze the specification changes and implement the required modifications to add Google OAuth authentication and user-specific todo items.\n\nLet me first examine the current project structure to understand what needs to be changed", "parent_progress_item_id": "27ab7dcb-a298-42d8-843d-f5f4c6f3f794", "__event_type__": "TextOutputEvent"}, {"timestamp": 1759999185.583692, "text": "Tool called: read [src]/django_app/models.py", "parent_progress_item_id": "27ab7dcb-a298-42d8-843d-f5f4c6f3f794", "__event_type__": "TextOutputEvent"}, {"timestamp": 1759999188.5323632, "text": "Tool called: read [src]/django_app/views.py", "parent_progress_item_id": "27ab7dcb-a298-42d8-843d-f5f4c6f3f794", "__event_type__": "TextOutputEvent"}, {"timestamp": 1759999191.7853487, "text": "Tool called: read [src]/django_proj/settings.py", "parent_progress_item_id": "27ab7dcb-a298-42d8-843d-f5f4c6f3f794", "__event_type__": "TextOutputEvent"}, {"timestamp": 1759999194.9382231, "text": "Tool called: glob django_app/templates/**/*.html", "parent_progress_item_id": "27ab7dcb-a298-42d8-843d-f5f4c6f3f794", "__event_type__": "TextOutputEvent"}, {"timestamp": 1759999198.0747437, "text": "Tool called: read [src]/django_app/templates/django_app/todo_list.html", "parent_progress_item_id": "27ab7dcb-a298-42d8-843d-f5f4c6f3f794", "__event_type__": "TextOutputEvent"}, {"timestamp": 1759999203.4998085, "text": "Now I'll implement the changes according to the specification difference. I need to:\n\n1. Add django-allauth for Google OAuth\n2. Modify the Todo model to include a user relationship\n3. Update views to be user-specific\n4. Add authentication requirements\n5. Create social login signal configuration\n6. Update templates to include authentication\n\nLet me start by creating a todo list for this implementation", "parent_progress_item_id": "27ab7dcb-a298-42d8-843d-f5f4c6f3f794", "__event_type__": "TextOutputEvent"}, {"timestamp": 1759999207.9548872, "progress_item_id": "a3bd5587-f4e5-46c6-8ff8-5b211bfd055b", "status": "Pending", "status_text": null, "title": "Install django-allauth and python-dotenv dependencies", "description": null, "parent_item_id": "8bbb68ba-7633-4e9d-a7cc-7c6baef34894", "__event_type__": "ProgressItemCreateEvent"}, {"timestamp": 1759999207.954944, "progress_item_id": "f5fbc0ca-3e62-4f9e-8b10-1083770561fe", "status": "Pending", "status_text": null, "title": "Update Django settings for allauth configuration", "description": null, "parent_item_id": "8bbb68ba-7633-4e9d-a7cc-7c6baef34894", "__event_type__": "ProgressItemCreateEvent"}, {"timestamp": 1759999207.9549608, "progress_item_id": "1bf8fe1d-680f-4544-b76c-89c143f920c1", "status": "Pending", "status_text": null, "title": "Create social login signals configuration", "description": null, "parent_item_id": "8bbb68ba-7633-4e9d-a7cc-7c6baef34894", "__event_type__": "ProgressItemCreateEvent"}, {"timestamp": 1759999207.9549737, "progress_item_id": "92a631fe-5162-4051-9a14-9d58b6116630", "status": "Pending", "status_text": null, "title": "Update Todo model to include user relationship", "description": null, "parent_item_id": "8bbb68ba-7633-4e9d-a7cc-7c6baef34894", "__event_type__": "ProgressItemCreateEvent"}, {"timestamp": 1759999207.9549856, "progress_item_id": "283e05fc-3b4e-470a-8092-defb72639486", "status": "Pending", "status_text": null, "title": "Update views to require authentication and filter by user", "description": null, "parent_item_id": "8bbb68ba-7633-4e9d-a7cc-7c6baef34894", "__event_type__": "ProgressItemCreateEvent"}, {"timestamp": 1759999207.9549975, "progress_item_id": "8c2d908b-af50-4e90-8ca3-09afc039b7de", "status": "Pending", "status_text": null, "title": "Update URL patterns to include allauth URLs", "description": null, "parent_item_id": "8bbb68ba-7633-4e9d-a7cc-7c6baef34894", "__event_type__": "ProgressItemCreateEvent"}, {"timestamp": 1759999207.955009, "progress_item_id": "05081c2b-ded3-4ce7-937a-08ebefc7fb93", "status": "Pending", "status_text": null, "title": "Update templates to include authentication UI", "description": null, "parent_item_id": "8bbb68ba-7633-4e9d-a7cc-7c6baef34894", "__event_type__": "ProgressItemCreateEvent"}, {"timestamp": 1759999207.95502, "progress_item_id": "2bbf2ec6-3f65-4beb-85a6-7bb5077c4477", "status": "Pending", "status_text": null, "title": "Create and run database migrations", "description": null, "parent_item_id": "8bbb68ba-7633-4e9d-a7cc-7c6baef34894", "__event_type__": "ProgressItemCreateEvent"}, {"timestamp": 1759999213.7312775, "progress_item_id": "27ab7dcb-a298-42d8-843d-f5f4c6f3f794", "status": "Done", "status_text": null, "__event_type__": "ProgressItemUpdateEvent"}, {"timestamp": 1759999213.7319772, "progress_item_id": "a3bd5587-f4e5-46c6-8ff8-5b211bfd055b", "status": "In Progress", "status_text": null, "__event_type__": "ProgressItemUpdateEvent"}, {"timestamp": 1759999217.5177736, "text": "Tool called: uv add django-allauth python-dotenv", "parent_progress_item_id": "a3bd5587-f4e5-46c6-8ff8-5b211bfd055b", "__event_type__": "TextOutputEvent"}, {"timestamp": 1759999229.1697562, "progress_item_id": "a3bd5587-f4e5-46c6-8ff8-5b211bfd055b", "status": "Done", "status_text": null, "__event_type__": "ProgressItemUpdateEvent"}, {"timestamp": 1759999229.1704712, "progress_item_id": "f5fbc0ca-3e62-4f9e-8b10-1083770561fe", "status": "In Progress", "status_text": null, "__event_type__": "ProgressItemUpdateEvent"}, {"timestamp": 1759999234.730878, "text": "Tool called: edit [src]/django_proj/settings.py", "parent_progress_item_id": "f5fbc0ca-3e62-4f9e-8b10-1083770561fe", "__event_type__": "TextOutputEvent"}, {"timestamp": 1759999240.1636705, "text": "Tool called: edit [src]/django_proj/settings.py", "parent_progress_item_id": "f5fbc0ca-3e62-4f9e-8b10-1083770561fe", "__event_type__": "TextOutputEvent"}, {"timestamp": 1759999247.1870334, "text": "Tool called: edit [src]/django_proj/settings.py", "parent_progress_item_id": "f5fbc0ca-3e62-4f9e-8b10-1083770561fe", "__event_type__": "TextOutputEvent"}, {"timestamp": 1759999252.381292, "progress_item_id": "f5fbc0ca-3e62-4f9e-8b10-1083770561fe", "status": "Done", "status_text": null, "__event_type__": "ProgressItemUpdateEvent"}, {"timestamp": 1759999252.3823628, "progress_item_id": "1bf8fe1d-680f-4544-b76c-89c143f920c1", "status": "In Progress", "status_text": null, "__event_type__": "ProgressItemUpdateEvent"}, {"timestamp": 1759999277.5974827, "text": "Tool called: write [src]/django_app/signals.py", "parent_progress_item_id": "1bf8fe1d-680f-4544-b76c-89c143f920c1", "__event_type__": "TextOutputEvent"}, {"timestamp": 1759999282.0117865, "text": "Tool called: edit [src]/django_app/apps.py", "parent_progress_item_id": "1bf8fe1d-680f-4544-b76c-89c143f920c1", "__event_type__": "TextOutputEvent"}, {"timestamp": 1759999284.9509027, "text": "Tool called: read [src]/django_app/apps.py", "parent_progress_item_id": "1bf8fe1d-680f-4544-b76c-89c143f920c1", "__event_type__": "TextOutputEvent"}, {"timestamp": 1759999289.2526956, "text": "Tool called: edit [src]/django_app/apps.py", "parent_progress_item_id": "1bf8fe1d-680f-4544-b76c-89c143f920c1", "__event_type__": "TextOutputEvent"}, {"timestamp": 1759999294.408944, "progress_item_id": "1bf8fe1d-680f-4544-b76c-89c143f920c1", "status": "Done", "status_text": null, "__event_type__": "ProgressItemUpdateEvent"}, {"timestamp": 1759999294.4096732, "progress_item_id": "92a631fe-5162-4051-9a14-9d58b6116630", "status": "In Progress", "status_text": null, "__event_type__": "ProgressItemUpdateEvent"}, {"timestamp": 1759999300.9330509, "text": "Tool called: edit [src]/django_app/models.py", "parent_progress_item_id": "92a631fe-5162-4051-9a14-9d58b6116630", "__event_type__": "TextOutputEvent"}, {"timestamp": 1759999306.9507916, "progress_item_id": "92a631fe-5162-4051-9a14-9d58b6116630", "status": "Done", "status_text": null, "__event_type__": "ProgressItemUpdateEvent"}, {"timestamp": 1759999306.9514592, "progress_item_id": "283e05fc-3b4e-470a-8092-defb72639486", "status": "In Progress", "status_text": null, "__event_type__": "ProgressItemUpdateEvent"}, {"timestamp": 1759999315.9547572, "text": "Tool called: edit [src]/django_app/views.py", "parent_progress_item_id": "283e05fc-3b4e-470a-8092-defb72639486", "__event_type__": "TextOutputEvent"}, {"timestamp": 1759999323.5485976, "text": "Tool called: edit [src]/django_app/views.py", "parent_progress_item_id": "283e05fc-3b4e-470a-8092-defb72639486", "__event_type__": "TextOutputEvent"}, {"timestamp": 1759999329.0264857, "progress_item_id": "283e05fc-3b4e-470a-8092-defb72639486", "status": "Done", "status_text": null, "__event_type__": "ProgressItemUpdateEvent"}, {"timestamp": 1759999329.0272052, "progress_item_id": "8c2d908b-af50-4e90-8ca3-09afc039b7de", "status": "In Progress", "status_text": null, "__event_type__": "ProgressItemUpdateEvent"}, {"timestamp": 1759999332.8510208, "text": "Tool called: read [src]/django_proj/urls.py", "parent_progress_item_id": "8c2d908b-af50-4e90-8ca3-09afc039b7de", "__event_type__": "TextOutputEvent"}, {"timestamp": 1759999337.2404876, "text": "Tool called: edit [src]/django_proj/urls.py", "parent_progress_item_id": "8c2d908b-af50-4e90-8ca3-09afc039b7de", "__event_type__": "TextOutputEvent"}, {"timestamp": 1759999342.3600645, "progress_item_id": "8c2d908b-af50-4e90-8ca3-09afc039b7de", "status": "Done", "status_text": null, "__event_type__": "ProgressItemUpdateEvent"}, {"timestamp": 1759999342.3607996, "progress_item_id": "05081c2b-ded3-4ce7-937a-08ebefc7fb93", "status": "In Progress", "status_text": null, "__event_type__": "ProgressItemUpdateEvent"}, {"timestamp": 1759999356.4686031, "text": "Tool called: write [src]/django_app/templates/django_app/login.html", "parent_progress_item_id": "05081c2b-ded3-4ce7-937a-08ebefc7fb93", "__event_type__": "TextOutputEvent"}, {"timestamp": 1759999364.378719, "text": "Tool called: edit [src]/django_app/templates/django_app/todo_list.html", "parent_progress_item_id": "05081c2b-ded3-4ce7-937a-08ebefc7fb93", "__event_type__": "TextOutputEvent"}, {"timestamp": 1759999370.2081454, "progress_item_id": "05081c2b-ded3-4ce7-937a-08ebefc7fb93", "status": "Done", "status_text": null, "__event_type__": "ProgressItemUpdateEvent"}, {"timestamp": 1759999370.2088974, "progress_item_id": "2bbf2ec6-3f65-4beb-85a6-7bb5077c4477", "status": "In Progress", "status_text": null, "__event_type__": "ProgressItemUpdateEvent"}, {"timestamp": 1759999374.086748, "text": "Tool called: uv run python manage.py makemigrations", "parent_progress_item_id": "2bbf2ec6-3f65-4beb-85a6-7bb5077c4477", "__event_type__": "TextOutputEvent"}, {"timestamp": 1759999379.575351, "text": "I need to add the requests dependency", "parent_progress_item_id": "2bbf2ec6-3f65-4beb-85a6-7bb5077c4477", "__event_type__": "TextOutputEvent"}, {"timestamp": 1759999380.2786138, "text": "Tool called: uv add requests", "parent_progress_item_id": "2bbf2ec6-3f65-4beb-85a6-7bb5077c4477", "__event_type__": "TextOutputEvent"}, {"timestamp": 1759999385.6622708, "text": "Tool called: uv run python manage.py makemigrations", "parent_progress_item_id": "2bbf2ec6-3f65-4beb-85a6-7bb5077c4477", "__event_type__": "TextOutputEvent"}, {"timestamp": 1759999389.5619934, "text": "I need to add the JWT dependency", "parent_progress_item_id": "2bbf2ec6-3f65-4beb-85a6-7bb5077c4477", "__event_type__": "TextOutputEvent"}, {"timestamp": 1759999390.1278422, "text": "Tool called: uv add pyjwt", "parent_progress_item_id": "2bbf2ec6-3f65-4beb-85a6-7bb5077c4477", "__event_type__": "TextOutputEvent"}, {"timestamp": 1759999394.9155877, "text": "Tool called: uv run python manage.py makemigrations", "parent_progress_item_id": "2bbf2ec6-3f65-4beb-85a6-7bb5077c4477", "__event_type__": "TextOutputEvent"}, {"timestamp": 1759999399.0834556, "text": "I need to add the cryptography dependency", "parent_progress_item_id": "2bbf2ec6-3f65-4beb-85a6-7bb5077c4477", "__event_type__": "TextOutputEvent"}, {"timestamp": 1759999399.592772, "text": "Tool called: uv add cryptography", "parent_progress_item_id": "2bbf2ec6-3f65-4beb-85a6-7bb5077c4477", "__event_type__": "TextOutputEvent"}, {"timestamp": 1759999404.6006505, "text": "Tool called: uv run python manage.py makemigrations", "parent_progress_item_id": "2bbf2ec6-3f65-4beb-85a6-7bb5077c4477", "__event_type__": "TextOutputEvent"}, {"timestamp": 1759999409.1889117, "text": "I need to handle the existing data. Since this is a migration and I can't provide input interactively, I'll create a migration with a temporary default", "parent_progress_item_id": "2bbf2ec6-3f65-4beb-85a6-7bb5077c4477", "__event_type__": "TextOutputEvent"}, {"timestamp": 1759999411.473862, "text": "Tool called: edit [src]/django_app/models.py", "parent_progress_item_id": "2bbf2ec6-3f65-4beb-85a6-7bb5077c4477", "__event_type__": "TextOutputEvent"}, {"timestamp": 1759999415.3359888, "text": "Tool called: uv run python manage.py makemigrations", "parent_progress_item_id": "2bbf2ec6-3f65-4beb-85a6-7bb5077c4477", "__event_type__": "TextOutputEvent"}, {"timestamp": 1759999419.5788474, "text": "Tool called: uv run python manage.py migrate", "parent_progress_item_id": "2bbf2ec6-3f65-4beb-85a6-7bb5077c4477", "__event_type__": "TextOutputEvent"}, {"timestamp": 1759999425.7884064, "text": "Great! Now I need to update the settings to address the warnings from the new version of django-allauth", "parent_progress_item_id": "2bbf2ec6-3f65-4beb-85a6-7bb5077c4477", "__event_type__": "TextOutputEvent"}, {"timestamp": 1759999428.3057954, "text": "Tool called: edit [src]/django_proj/settings.py", "parent_progress_item_id": "2bbf2ec6-3f65-4beb-85a6-7bb5077c4477", "__event_type__": "TextOutputEvent"}, {"timestamp": 1759999432.66287, "text": "Now I need to remove the temporary default from the model since the migration is done", "parent_progress_item_id": "2bbf2ec6-3f65-4beb-85a6-7bb5077c4477", "__event_type__": "TextOutputEvent"}, {"timestamp": 1759999433.5990844, "text": "Tool called: edit [src]/django_app/models.py", "parent_progress_item_id": "2bbf2ec6-3f65-4beb-85a6-7bb5077c4477", "__event_type__": "TextOutputEvent"}, {"timestamp": 1759999458.7787359, "progress_item_id": "2bbf2ec6-3f65-4beb-85a6-7bb5077c4477", "status": "Done", "status_text": null, "__event_type__": "ProgressItemUpdateEvent"}, {"timestamp": 1759999462.7128158, "text": "Perfect! Let me verify that the app works correctly by checking the project structure", "parent_progress_item_id": "8bbb68ba-7633-4e9d-a7cc-7c6baef34894", "__event_type__": "TextOutputEvent"}, {"timestamp": 1759999463.282528, "text": "Tool called: uv run python manage.py check", "parent_progress_item_id": "8bbb68ba-7633-4e9d-a7cc-7c6baef34894", "__event_type__": "TextOutputEvent"}, {"timestamp": 1759999468.686311, "text": "Excellent! The implementation is complete. Let me generate a commit message for the changes", "parent_progress_item_id": "8bbb68ba-7633-4e9d-a7cc-7c6baef34894", "__event_type__": "TextOutputEvent"}, {"timestamp": 1759999469.4334707, "text": "Tool called: mcp__codespeak__collect_commit_message", "parent_progress_item_id": "8bbb68ba-7633-4e9d-a7cc-7c6baef34894", "__event_type__": "TextOutputEvent"}, {"timestamp": 1759999482.9353673, "text": "## Summary\n\nI have successfully implemented the specification changes to add Google OAuth authentication and user-specific todo items. Here are the key changes made:\n\n### 1. **Added Authentication Dependencies**\n- Installed `django-allauth`, `python-dotenv`, `requests`, `pyjwt`, and `cryptography`\n- Added all necessary dependencies for Google OAuth support\n\n### 2. **Updated Django Settings**\n- Added django-allauth apps to `INSTALLED_APPS`\n- Configured authentication backends and middleware\n- Set up Google OAuth provider settings\n- Disabled email/password registration - only social login allowed\n- Added proper redirect URLs for login/logout\n\n### 3. **Created OAuth Configuration Signal**\n- Created `django_app/signals.py` with automatic SocialApp configuration\n- Reads Google OAuth credentials from environment variables (`GOOGLE_OAUTH_CLIENT_ID` and `GOOGLE_OAUTH_CLIENT_SECRET`)\n- Automatically configures Google OAuth on migration\n\n### 4. **Updated Data Model**\n- Modified `Todo` model to include a `user` foreign key relationship\n- All todos are now associated with specific users\n\n### 5. **Updated Views for Authentication**\n- Modified all views to require authentication\n- Added user-filtering so users only see their own todos\n- Created new todo items are automatically associated with the logged-in user\n- Added authentication check in main view that redirects to login page\n\n### 6. **Enhanced Templates**\n- Created `login.html` template with Google OAuth button\n- Updated `todo_list.html` to include user greeting and sign-out functionality\n- Added one-click Google OAuth sign-in using secure POST form\n\n### 7. **URL Configuration**\n- Added allauth URL patterns to project URLs\n\n### 8. **Database Migrations**\n- Created and ran migrations for the user relationship\n- Successfully handled existing data during migration\n\nThe application now:\n- Requires users to sign in with Google (no email/password option)\n- Shows only the authenticated user's todo items\n- Maintains all existing functionality (add, toggle done, delete)\n- Provides secure authentication flow with proper CSRF protection\n- Has a clean UI with user identification and sign-out option\n\nAll existing functionality is preserved while adding the new authentication layer as specified in the requirements.", "parent_progress_item_id": "8bbb68ba-7633-4e9d-a7cc-7c6baef34894", "__event_type__": "TextOutputEvent"}, {"timestamp": 1759999483.7376072, "progress_item_id": "8bbb68ba-7633-4e9d-a7cc-7c6baef34894", "status": "Done", "status_text": null, "__event_type__": "ProgressItemUpdateEvent"}, {"timestamp": 1759999483.7588165, "progress_item_id": "ed674a30-a123-40c3-895d-2402fbbe84db", "status": "In Progress", "status_text": null, "__event_type__": "ProgressItemUpdateEvent"}, {"timestamp": 1759999483.7599652, "progress_item_id": "37c2f063-b3bc-4a3a-b951-434062674417", "status": "Pending", "status_text": null, "title": "Running validation (pass 1)", "description": null, "parent_item_id": "ed674a30-a123-40c3-895d-2402fbbe84db", "__event_type__": "ProgressItemCreateEvent"}, {"timestamp": 1759999483.7600136, "progress_item_id": "37c2f063-b3bc-4a3a-b951-434062674417", "status": "In Progress", "status_text": null, "__event_type__": "ProgressItemUpdateEvent"}, {"timestamp": 1759999483.7605822, "text": "Running validator \"Required files in Python project\" (pass 1)", "parent_progress_item_id": "37c2f063-b3bc-4a3a-b951-434062674417", "__event_type__": "TextOutputEvent"}, {"timestamp": 1759999483.7611282, "text": "Running validator \"Required files in Django project\" (pass 1)", "parent_progress_item_id": "37c2f063-b3bc-4a3a-b951-434062674417", "__event_type__": "TextOutputEvent"}, {"timestamp": 1759999483.7618349, "text": "Running validator \"Forbidden files in Python project\" (pass 1)", "parent_progress_item_id": "37c2f063-b3bc-4a3a-b951-434062674417", "__event_type__": "TextOutputEvent"}, {"timestamp": 1759999483.7626064, "text": "Running validator \"uv sync\" (pass 1)", "parent_progress_item_id": "37c2f063-b3bc-4a3a-b951-434062674417", "__event_type__": "TextOutputEvent"}, {"timestamp": 1759999483.827444, "text": "Running validator \"Compile .py files\" (pass 1)", "parent_progress_item_id": "37c2f063-b3bc-4a3a-b951-434062674417", "__event_type__": "TextOutputEvent"}, {"timestamp": 1759999484.0012283, "text": "Running validator \"Django checks\" (pass 1)", "parent_progress_item_id": "37c2f063-b3bc-4a3a-b951-434062674417", "__event_type__": "TextOutputEvent"}, {"timestamp": 1759999484.5567598, "text": "Running validator \"Django development server starts successfully\" (pass 1)", "parent_progress_item_id": "37c2f063-b3bc-4a3a-b951-434062674417", "__event_type__": "TextOutputEvent"}, {"timestamp": 1759999485.7508423, "progress_item_id": "37c2f063-b3bc-4a3a-b951-434062674417", "status": "Done", "status_text": null, "__event_type__": "ProgressItemUpdateEvent"}, {"timestamp": 1759999485.7516184, "text": "Problems found in pass 1: 0 errors, 0 warnings", "parent_progress_item_id": "ed674a30-a123-40c3-895d-2402fbbe84db", "__event_type__": "TextOutputEvent"}, {"timestamp": 1759999485.7526736, "progress_item_id": "ed674a30-a123-40c3-895d-2402fbbe84db", "status": "Done", "status_text": null, "__event_type__": "ProgressItemUpdateEvent"}, {"timestamp": 1759999485.7753026, "progress_item_id": "7666fbdb-1975-457b-a6a4-0f124a3fe430", "status": "In Progress", "status_text": null, "__event_type__": "ProgressItemUpdateEvent"}, {"timestamp": 1759999485.7801166, "progress_item_id": "5c87eab2-6443-4ade-8477-013cddf87a29", "status": "Pending", "status_text": null, "title": "tests.py", "description": null, "parent_item_id": "7666fbdb-1975-457b-a6a4-0f124a3fe430", "__event_type__": "ProgressItemCreateEvent"}, {"timestamp": 1759999485.7802043, "progress_item_id": "46054c7b-f205-46ba-8411-f8d3d6bae0e8", "status": "Pending", "status_text": null, "title": "views.py", "description": null, "parent_item_id": "7666fbdb-1975-457b-a6a4-0f124a3fe430", "__event_type__": "ProgressItemCreateEvent"}, {"timestamp": 1759999485.7802467, "progress_item_id": "bf372404-0106-4ee5-a130-03482f8a0ccc", "status": "Pending", "status_text": null, "title": "models.py", "description": null, "parent_item_id": "7666fbdb-1975-457b-a6a4-0f124a3fe430", "__event_type__": "ProgressItemCreateEvent"}, {"timestamp": 1759999485.7802773, "progress_item_id": "618397e4-b30d-49ca-8bb2-0e1f67a8dc84", "status": "Pending", "status_text": null, "title": "urls.py", "description": null, "parent_item_id": "7666fbdb-1975-457b-a6a4-0f124a3fe430", "__event_type__": "ProgressItemCreateEvent"}, {"timestamp": 1759999485.7803073, "progress_item_id": "26c2f37f-6efc-4a63-8ab5-8ec846ddaf42", "status": "Pending", "status_text": null, "title": "signals.py", "description": null, "parent_item_id": "7666fbdb-1975-457b-a6a4-0f124a3fe430", "__event_type__": "ProgressItemCreateEvent"}, {"timestamp": 1759999485.7803369, "progress_item_id": "28e9762c-6757-4e47-9960-0cea1803a6c6", "status": "Pending", "status_text": null, "title": "urls.py", "description": null, "parent_item_id": "7666fbdb-1975-457b-a6a4-0f124a3fe430", "__event_type__": "ProgressItemCreateEvent"}, {"timestamp": 1759999485.7842166, "progress_item_id": "5c87eab2-6443-4ade-8477-013cddf87a29", "status": "In Progress", "status_text": null, "__event_type__": "ProgressItemUpdateEvent"}, {"timestamp": 1759999485.78535, "progress_item_id": "46054c7b-f205-46ba-8411-f8d3d6bae0e8", "status": "In Progress", "status_text": null, "__event_type__": "ProgressItemUpdateEvent"}, {"timestamp": 1759999485.7872078, "progress_item_id": "bf372404-0106-4ee5-a130-03482f8a0ccc", "status": "In Progress", "status_text": null, "__event_type__": "ProgressItemUpdateEvent"}, {"timestamp": 1759999485.7901595, "progress_item_id": "618397e4-b30d-49ca-8bb2-0e1f67a8dc84", "status": "In Progress", "status_text": null, "__event_type__": "ProgressItemUpdateEvent"}, {"timestamp": 1759999485.7948697, "progress_item_id": "26c2f37f-6efc-4a63-8ab5-8ec846ddaf42", "status": "In Progress", "status_text": null, "__event_type__": "ProgressItemUpdateEvent"}, {"timestamp": 1759999485.802855, "progress_item_id": "28e9762c-6757-4e47-9960-0cea1803a6c6", "status": "In Progress", "status_text": null, "__event_type__": "ProgressItemUpdateEvent"}, {"timestamp": 1759999485.894828, "progress_item_id": "5c87eab2-6443-4ade-8477-013cddf87a29", "status": "Done", "status_text": null, "__event_type__": "ProgressItemUpdateEvent"}, {"timestamp": 1759999485.9276927, "progress_item_id": "618397e4-b30d-49ca-8bb2-0e1f67a8dc84", "status": "Done", "status_text": null, "__event_type__": "ProgressItemUpdateEvent"}, {"timestamp": 1759999494.3284566, "progress_item_id": "bf372404-0106-4ee5-a130-03482f8a0ccc", "status": "Done", "status_text": null, "__event_type__": "ProgressItemUpdateEvent"}, {"timestamp": 1759999494.487464, "progress_item_id": "28e9762c-6757-4e47-9960-0cea1803a6c6", "status": "Done", "status_text": null, "__event_type__": "ProgressItemUpdateEvent"}, {"timestamp": 1759999495.178025, "progress_item_id": "26c2f37f-6efc-4a63-8ab5-8ec846ddaf42", "status": "Done", "status_text": null, "__event_type__": "ProgressItemUpdateEvent"}, {"timestamp": 1759999497.020393, "progress_item_id": "46054c7b-f205-46ba-8411-f8d3d6bae0e8", "status": "Done", "status_text": null, "__event_type__": "ProgressItemUpdateEvent"}, {"timestamp": 1759999497.0230446, "text": "Total files analyzed: 3, total methods to test: 7", "parent_progress_item_id": "7666fbdb-1975-457b-a6a4-0f124a3fe430", "__event_type__": "TextOutputEvent"}, {"timestamp": 1759999497.0238023, "progress_item_id": "7666fbdb-1975-457b-a6a4-0f124a3fe430", "status": "Done", "status_text": null, "__event_type__": "ProgressItemUpdateEvent"}, {"timestamp": 1759999497.039755, "progress_item_id": "adf3067b-4bcf-4813-afe1-09c869c81986", "status": "In Progress", "status_text": null, "__event_type__": "ProgressItemUpdateEvent"}, {"timestamp": 1759999497.0749857, "progress_item_id": "fe99a2c0-6748-4f5e-90e0-d63685604415", "status": "Pending", "status_text": null, "title": "Collect context & plan work", "description": null, "parent_item_id": "adf3067b-4bcf-4813-afe1-09c869c81986", "__event_type__": "ProgressItemCreateEvent"}, {"timestamp": 1759999497.0750418, "progress_item_id": "fe99a2c0-6748-4f5e-90e0-d63685604415", "status": "In Progress", "status_text": null, "__event_type__": "ProgressItemUpdateEvent"}, {"timestamp": 1759999503.9073324, "text": "I'll start by examining the current codebase and understanding what tests need to be added. Let me first look at the target file `django_app/signals.py` to understand the methods I need to test.", "parent_progress_item_id": "fe99a2c0-6748-4f5e-90e0-d63685604415", "__event_type__": "TextOutputEvent"}, {"timestamp": 1759999504.367739, "text": "Tool called: read [src]/django_app/signals.py", "parent_progress_item_id": "fe99a2c0-6748-4f5e-90e0-d63685604415", "__event_type__": "TextOutputEvent"}, {"timestamp": 1759999507.6082242, "text": "Now let me check the existing test structure to understand how to organize the new tests", "parent_progress_item_id": "fe99a2c0-6748-4f5e-90e0-d63685604415", "__event_type__": "TextOutputEvent"}, {"timestamp": 1759999507.93406, "text": "Tool called: read [tests]/.", "parent_progress_item_id": "fe99a2c0-6748-4f5e-90e0-d63685604415", "__event_type__": "TextOutputEvent"}, {"timestamp": 1759999511.357589, "text": "Tool called: mcp__codespeak__ls", "parent_progress_item_id": "fe99a2c0-6748-4f5e-90e0-d63685604415", "__event_type__": "TextOutputEvent"}, {"timestamp": 1759999514.3516276, "text": "Let me check the existing test files to understand the current structure", "parent_progress_item_id": "fe99a2c0-6748-4f5e-90e0-d63685604415", "__event_type__": "TextOutputEvent"}, {"timestamp": 1759999514.6221035, "text": "Tool called: read [tests]/test_models.py", "parent_progress_item_id": "fe99a2c0-6748-4f5e-90e0-d63685604415", "__event_type__": "TextOutputEvent"}, {"timestamp": 1759999518.791511, "text": "Tool called: read [tests]/test_views.py", "parent_progress_item_id": "fe99a2c0-6748-4f5e-90e0-d63685604415", "__event_type__": "TextOutputEvent"}, {"timestamp": 1759999522.5778303, "text": "Now I need to create a test file for the signals module. Based on the structure and the methods I need to test, I'll create a new test file for signals", "parent_progress_item_id": "fe99a2c0-6748-4f5e-90e0-d63685604415", "__event_type__": "TextOutputEvent"}, {"timestamp": 1759999556.0222507, "text": "Tool called: write [tests]/test_signals.py", "parent_progress_item_id": "fe99a2c0-6748-4f5e-90e0-d63685604415", "__event_type__": "TextOutputEvent"}, {"timestamp": 1759999560.094745, "text": "Now let me run the validation to check if the tests work correctly", "parent_progress_item_id": "fe99a2c0-6748-4f5e-90e0-d63685604415", "__event_type__": "TextOutputEvent"}, {"timestamp": 1759999561.1459944, "text": "Tool called: mcp__codespeak__validate_tests", "parent_progress_item_id": "fe99a2c0-6748-4f5e-90e0-d63685604415", "__event_type__": "TextOutputEvent"}, {"timestamp": 1759999561.643312, "progress_item_id": "40559053-18c4-4056-a587-c116b14f5466", "status": "Pending", "status_text": null, "title": "Running and validating tests (iteration 1)", "description": null, "parent_item_id": "adf3067b-4bcf-4813-afe1-09c869c81986", "__event_type__": "ProgressItemCreateEvent"}, {"timestamp": 1759999561.643393, "progress_item_id": "40559053-18c4-4056-a587-c116b14f5466", "status": "In Progress", "status_text": null, "__event_type__": "ProgressItemUpdateEvent"}, {"timestamp": 1759999568.5653627, "progress_item_id": "40559053-18c4-4056-a587-c116b14f5466", "status": "Done", "status_text": null, "__event_type__": "ProgressItemUpdateEvent"}, {"timestamp": 1759999568.5664263, "test_results": {"test_discovery_failure": null, "tests_summary": {"passed": 12, "failed": 10, "skipped": 0, "error": 0, "xfailed": 0, "xpassed": 0, "deselected": 0, "total": 22, "collected": 22}, "test_failures": [{"test_name": "tests/test_models.py::TestTodo::test_todo_is_done_property", "outcome": "failed", "message": "Failure during test run: .venv/lib/python3.13/site-packages/django/db/backends/utils.py:105: in _execute\n    return self.cursor.execute(sql, params)\n           ^^^^^^^^^^^^^^^^^^^^^^^^^^^^^^^^\n.venv/lib/python3.13/site-packages/django/db/backends/sqlite3/base.py:360: in execute\n    return super().execute(query, params)\n           ^^^^^^^^^^^^^^^^^^^^^^^^^^^^^^\nE   sqlite3.IntegrityError: NOT NULL constraint failed: django_app_todo.user_id\n\nThe above exception was the direct cause of the following exception:\ntests/test_models.py:41: in test_todo_is_done_property\n    todo_not_done = Todo.objects.create(content=\"Test todo not done\")\n                    ^^^^^^^^^^^^^^^^^^^^^^^^^^^^^^^^^^^^^^^^^^^^^^^^^\n.venv/lib/python3.13/site-packages/django/db/models/manager.py:87: in manager_method\n    return getattr(self.get_queryset(), name)(*args, **kwargs)\n           ^^^^^^^^^^^^^^^^^^^^^^^^^^^^^^^^^^^^^^^^^^^^^^^^^^^\n.venv/lib/python3.13/site-packages/django/db/models/query.py:663: in create\n    obj.save(force_insert=True, using=self.db)\n.venv/lib/python3.13/site-packages/django/db/models/base.py:902: in save\n    self.save_base(\n.venv/lib/python3.13/site-packages/django/db/models/base.py:1008: in save_base\n    updated = self._save_table(\n.venv/lib/python3.13/site-packages/django/db/models/base.py:1169: in _save_table\n    results = self._do_insert(\n.venv/lib/python3.13/site-packages/django/db/models/base.py:1210: in _do_insert\n    return manager._insert(\n.venv/lib/python3.13/site-packages/django/db/models/manager.py:87: in manager_method\n    return getattr(self.get_queryset(), name)(*args, **kwargs)\n           ^^^^^^^^^^^^^^^^^^^^^^^^^^^^^^^^^^^^^^^^^^^^^^^^^^^\n.venv/lib/python3.13/site-packages/django/db/models/query.py:1868: in _insert\n    return query.get_compiler(using=using).execute_sql(returning_fields)\n           ^^^^^^^^^^^^^^^^^^^^^^^^^^^^^^^^^^^^^^^^^^^^^^^^^^^^^^^^^^^^^\n.venv/lib/python3.13/site-packages/django/db/models/sql/compiler.py:1882: in execute_sql\n    cursor.execute(sql, params)\n.venv/lib/python3.13/site-packages/django/db/backends/utils.py:79: in execute\n    return self._execute_with_wrappers(\n.venv/lib/python3.13/site-packages/django/db/backends/utils.py:92: in _execute_with_wrappers\n    return executor(sql, params, many, context)\n           ^^^^^^^^^^^^^^^^^^^^^^^^^^^^^^^^^^^^\n.venv/lib/python3.13/site-packages/django/db/backends/utils.py:100: in _execute\n    with self.db.wrap_database_errors:\n         ^^^^^^^^^^^^^^^^^^^^^^^^^^^^\n.venv/lib/python3.13/site-packages/django/db/utils.py:91: in __exit__\n    raise dj_exc_value.with_traceback(traceback) from exc_value\n.venv/lib/python3.13/site-packages/django/db/backends/utils.py:105: in _execute\n    return self.cursor.execute(sql, params)\n           ^^^^^^^^^^^^^^^^^^^^^^^^^^^^^^^^\n.venv/lib/python3.13/site-packages/django/db/backends/sqlite3/base.py:360: in execute\n    return super().execute(query, params)\n           ^^^^^^^^^^^^^^^^^^^^^^^^^^^^^^\nE   django.db.utils.IntegrityError: NOT NULL constraint failed: django_app_todo.user_id"}, {"test_name": "tests/test_models.py::TestTodo::test_todo_str_method", "outcome": "failed", "message": "Failure during test run: .venv/lib/python3.13/site-packages/django/db/backends/utils.py:105: in _execute\n    return self.cursor.execute(sql, params)\n           ^^^^^^^^^^^^^^^^^^^^^^^^^^^^^^^^\n.venv/lib/python3.13/site-packages/django/db/backends/sqlite3/base.py:360: in execute\n    return super().execute(query, params)\n           ^^^^^^^^^^^^^^^^^^^^^^^^^^^^^^\nE   sqlite3.IntegrityError: NOT NULL constraint failed: django_app_todo.user_id\n\nThe above exception was the direct cause of the following exception:\ntests/test_models.py:18: in test_todo_str_method\n    todo = Todo.objects.create(content=short_content)\n           ^^^^^^^^^^^^^^^^^^^^^^^^^^^^^^^^^^^^^^^^^^\n.venv/lib/python3.13/site-packages/django/db/models/manager.py:87: in manager_method\n    return getattr(self.get_queryset(), name)(*args, **kwargs)\n           ^^^^^^^^^^^^^^^^^^^^^^^^^^^^^^^^^^^^^^^^^^^^^^^^^^^\n.venv/lib/python3.13/site-packages/django/db/models/query.py:663: in create\n    obj.save(force_insert=True, using=self.db)\n.venv/lib/python3.13/site-packages/django/db/models/base.py:902: in save\n    self.save_base(\n.venv/lib/python3.13/site-packages/django/db/models/base.py:1008: in save_base\n    updated = self._save_table(\n.venv/lib/python3.13/site-packages/django/db/models/base.py:1169: in _save_table\n    results = self._do_insert(\n.venv/lib/python3.13/site-packages/django/db/models/base.py:1210: in _do_insert\n    return manager._insert(\n.venv/lib/python3.13/site-packages/django/db/models/manager.py:87: in manager_method\n    return getattr(self.get_queryset(), name)(*args, **kwargs)\n           ^^^^^^^^^^^^^^^^^^^^^^^^^^^^^^^^^^^^^^^^^^^^^^^^^^^\n.venv/lib/python3.13/site-packages/django/db/models/query.py:1868: in _insert\n    return query.get_compiler(using=using).execute_sql(returning_fields)\n           ^^^^^^^^^^^^^^^^^^^^^^^^^^^^^^^^^^^^^^^^^^^^^^^^^^^^^^^^^^^^^\n.venv/lib/python3.13/site-packages/django/db/models/sql/compiler.py:1882: in execute_sql\n    cursor.execute(sql, params)\n.venv/lib/python3.13/site-packages/django/db/backends/utils.py:79: in execute\n    return self._execute_with_wrappers(\n.venv/lib/python3.13/site-packages/django/db/backends/utils.py:92: in _execute_with_wrappers\n    return executor(sql, params, many, context)\n           ^^^^^^^^^^^^^^^^^^^^^^^^^^^^^^^^^^^^\n.venv/lib/python3.13/site-packages/django/db/backends/utils.py:100: in _execute\n    with self.db.wrap_database_errors:\n         ^^^^^^^^^^^^^^^^^^^^^^^^^^^^\n.venv/lib/python3.13/site-packages/django/db/utils.py:91: in __exit__\n    raise dj_exc_value.with_traceback(traceback) from exc_value\n.venv/lib/python3.13/site-packages/django/db/backends/utils.py:105: in _execute\n    return self.cursor.execute(sql, params)\n           ^^^^^^^^^^^^^^^^^^^^^^^^^^^^^^^^\n.venv/lib/python3.13/site-packages/django/db/backends/sqlite3/base.py:360: in execute\n    return super().execute(query, params)\n           ^^^^^^^^^^^^^^^^^^^^^^^^^^^^^^\nE   django.db.utils.IntegrityError: NOT NULL constraint failed: django_app_todo.user_id"}, {"test_name": "tests/test_views.py::TestViews::test_delete_todo_endpoint", "outcome": "failed", "message": "Failure during test run: .venv/lib/python3.13/site-packages/django/db/backends/utils.py:105: in _execute\n    return self.cursor.execute(sql, params)\n           ^^^^^^^^^^^^^^^^^^^^^^^^^^^^^^^^\n.venv/lib/python3.13/site-packages/django/db/backends/sqlite3/base.py:360: in execute\n    return super().execute(query, params)\n           ^^^^^^^^^^^^^^^^^^^^^^^^^^^^^^\nE   sqlite3.IntegrityError: NOT NULL constraint failed: django_app_todo.user_id\n\nThe above exception was the direct cause of the following exception:\ntests/test_views.py:23: in test_delete_todo_endpoint\n    todo = Todo.objects.create(content=\"Test todo to delete\")\n           ^^^^^^^^^^^^^^^^^^^^^^^^^^^^^^^^^^^^^^^^^^^^^^^^^^\n.venv/lib/python3.13/site-packages/django/db/models/manager.py:87: in manager_method\n    return getattr(self.get_queryset(), name)(*args, **kwargs)\n           ^^^^^^^^^^^^^^^^^^^^^^^^^^^^^^^^^^^^^^^^^^^^^^^^^^^\n.venv/lib/python3.13/site-packages/django/db/models/query.py:663: in create\n    obj.save(force_insert=True, using=self.db)\n.venv/lib/python3.13/site-packages/django/db/models/base.py:902: in save\n    self.save_base(\n.venv/lib/python3.13/site-packages/django/db/models/base.py:1008: in save_base\n    updated = self._save_table(\n.venv/lib/python3.13/site-packages/django/db/models/base.py:1169: in _save_table\n    results = self._do_insert(\n.venv/lib/python3.13/site-packages/django/db/models/base.py:1210: in _do_insert\n    return manager._insert(\n.venv/lib/python3.13/site-packages/django/db/models/manager.py:87: in manager_method\n    return getattr(self.get_queryset(), name)(*args, **kwargs)\n           ^^^^^^^^^^^^^^^^^^^^^^^^^^^^^^^^^^^^^^^^^^^^^^^^^^^\n.venv/lib/python3.13/site-packages/django/db/models/query.py:1868: in _insert\n    return query.get_compiler(using=using).execute_sql(returning_fields)\n           ^^^^^^^^^^^^^^^^^^^^^^^^^^^^^^^^^^^^^^^^^^^^^^^^^^^^^^^^^^^^^\n.venv/lib/python3.13/site-packages/django/db/models/sql/compiler.py:1882: in execute_sql\n    cursor.execute(sql, params)\n.venv/lib/python3.13/site-packages/django/db/backends/utils.py:79: in execute\n    return self._execute_with_wrappers(\n.venv/lib/python3.13/site-packages/django/db/backends/utils.py:92: in _execute_with_wrappers\n    return executor(sql, params, many, context)\n           ^^^^^^^^^^^^^^^^^^^^^^^^^^^^^^^^^^^^\n.venv/lib/python3.13/site-packages/django/db/backends/utils.py:100: in _execute\n    with self.db.wrap_database_errors:\n         ^^^^^^^^^^^^^^^^^^^^^^^^^^^^\n.venv/lib/python3.13/site-packages/django/db/utils.py:91: in __exit__\n    raise dj_exc_value.with_traceback(traceback) from exc_value\n.venv/lib/python3.13/site-packages/django/db/backends/utils.py:105: in _execute\n    return self.cursor.execute(sql, params)\n           ^^^^^^^^^^^^^^^^^^^^^^^^^^^^^^^^\n.venv/lib/python3.13/site-packages/django/db/backends/sqlite3/base.py:360: in execute\n    return super().execute(query, params)\n           ^^^^^^^^^^^^^^^^^^^^^^^^^^^^^^\nE   django.db.utils.IntegrityError: NOT NULL constraint failed: django_app_todo.user_id"}, {"test_name": "tests/test_views.py::TestViews::test_delete_todo_nonexistent", "outcome": "failed", "message": "Failure during test run: tests/test_views.py:58: in test_delete_todo_nonexistent\n    self.assertEqual(response.status_code, 404)\nE   AssertionError: 302 != 404"}, {"test_name": "tests/test_views.py::TestViews::test_todo_list_get_endpoint", "outcome": "failed", "message": "Failure during test run: .venv/lib/python3.13/site-packages/django/db/backends/utils.py:105: in _execute\n    return self.cursor.execute(sql, params)\n           ^^^^^^^^^^^^^^^^^^^^^^^^^^^^^^^^\n.venv/lib/python3.13/site-packages/django/db/backends/sqlite3/base.py:360: in execute\n    return super().execute(query, params)\n           ^^^^^^^^^^^^^^^^^^^^^^^^^^^^^^\nE   sqlite3.IntegrityError: NOT NULL constraint failed: django_app_todo.user_id\n\nThe above exception was the direct cause of the following exception:\ntests/test_views.py:67: in test_todo_list_get_endpoint\n    todo1 = Todo.objects.create(content=\"First todo\")\n            ^^^^^^^^^^^^^^^^^^^^^^^^^^^^^^^^^^^^^^^^^\n.venv/lib/python3.13/site-packages/django/db/models/manager.py:87: in manager_method\n    return getattr(self.get_queryset(), name)(*args, **kwargs)\n           ^^^^^^^^^^^^^^^^^^^^^^^^^^^^^^^^^^^^^^^^^^^^^^^^^^^\n.venv/lib/python3.13/site-packages/django/db/models/query.py:663: in create\n    obj.save(force_insert=True, using=self.db)\n.venv/lib/python3.13/site-packages/django/db/models/base.py:902: in save\n    self.save_base(\n.venv/lib/python3.13/site-packages/django/db/models/base.py:1008: in save_base\n    updated = self._save_table(\n.venv/lib/python3.13/site-packages/django/db/models/base.py:1169: in _save_table\n    results = self._do_insert(\n.venv/lib/python3.13/site-packages/django/db/models/base.py:1210: in _do_insert\n    return manager._insert(\n.venv/lib/python3.13/site-packages/django/db/models/manager.py:87: in manager_method\n    return getattr(self.get_queryset(), name)(*args, **kwargs)\n           ^^^^^^^^^^^^^^^^^^^^^^^^^^^^^^^^^^^^^^^^^^^^^^^^^^^\n.venv/lib/python3.13/site-packages/django/db/models/query.py:1868: in _insert\n    return query.get_compiler(using=using).execute_sql(returning_fields)\n           ^^^^^^^^^^^^^^^^^^^^^^^^^^^^^^^^^^^^^^^^^^^^^^^^^^^^^^^^^^^^^\n.venv/lib/python3.13/site-packages/django/db/models/sql/compiler.py:1882: in execute_sql\n    cursor.execute(sql, params)\n.venv/lib/python3.13/site-packages/django/db/backends/utils.py:79: in execute\n    return self._execute_with_wrappers(\n.venv/lib/python3.13/site-packages/django/db/backends/utils.py:92: in _execute_with_wrappers\n    return executor(sql, params, many, context)\n           ^^^^^^^^^^^^^^^^^^^^^^^^^^^^^^^^^^^^\n.venv/lib/python3.13/site-packages/django/db/backends/utils.py:100: in _execute\n    with self.db.wrap_database_errors:\n         ^^^^^^^^^^^^^^^^^^^^^^^^^^^^\n.venv/lib/python3.13/site-packages/django/db/utils.py:91: in __exit__\n    raise dj_exc_value.with_traceback(traceback) from exc_value\n.venv/lib/python3.13/site-packages/django/db/backends/utils.py:105: in _execute\n    return self.cursor.execute(sql, params)\n           ^^^^^^^^^^^^^^^^^^^^^^^^^^^^^^^^\n.venv/lib/python3.13/site-packages/django/db/backends/sqlite3/base.py:360: in execute\n    return super().execute(query, params)\n           ^^^^^^^^^^^^^^^^^^^^^^^^^^^^^^\nE   django.db.utils.IntegrityError: NOT NULL constraint failed: django_app_todo.user_id"}, {"test_name": "tests/test_views.py::TestViews::test_todo_list_post_empty_content", "outcome": "failed", "message": "Failure during test run: tests/test_views.py:123: in test_todo_list_post_empty_content\n    self.assertTrue(any(\"Todo content cannot be empty!\" in str(message) for message in messages))\nE   AssertionError: False is not true"}, {"test_name": "tests/test_views.py::TestViews::test_todo_list_post_valid_content", "outcome": "failed", "message": "Failure during test run: tests/test_views.py:95: in test_todo_list_post_valid_content\n    self.assertEqual(response.status_code, 302)\nE   AssertionError: 200 != 302"}, {"test_name": "tests/test_views.py::TestViews::test_toggle_todo_endpoint_mark_as_done", "outcome": "failed", "message": "Failure during test run: .venv/lib/python3.13/site-packages/django/db/backends/utils.py:105: in _execute\n    return self.cursor.execute(sql, params)\n           ^^^^^^^^^^^^^^^^^^^^^^^^^^^^^^^^\n.venv/lib/python3.13/site-packages/django/db/backends/sqlite3/base.py:360: in execute\n    return super().execute(query, params)\n           ^^^^^^^^^^^^^^^^^^^^^^^^^^^^^^\nE   sqlite3.IntegrityError: NOT NULL constraint failed: django_app_todo.user_id\n\nThe above exception was the direct cause of the following exception:\ntests/test_views.py:142: in test_toggle_todo_endpoint_mark_as_done\n    todo = Todo.objects.create(content=\"Todo to toggle\")\n           ^^^^^^^^^^^^^^^^^^^^^^^^^^^^^^^^^^^^^^^^^^^^^\n.venv/lib/python3.13/site-packages/django/db/models/manager.py:87: in manager_method\n    return getattr(self.get_queryset(), name)(*args, **kwargs)\n           ^^^^^^^^^^^^^^^^^^^^^^^^^^^^^^^^^^^^^^^^^^^^^^^^^^^\n.venv/lib/python3.13/site-packages/django/db/models/query.py:663: in create\n    obj.save(force_insert=True, using=self.db)\n.venv/lib/python3.13/site-packages/django/db/models/base.py:902: in save\n    self.save_base(\n.venv/lib/python3.13/site-packages/django/db/models/base.py:1008: in save_base\n    updated = self._save_table(\n.venv/lib/python3.13/site-packages/django/db/models/base.py:1169: in _save_table\n    results = self._do_insert(\n.venv/lib/python3.13/site-packages/django/db/models/base.py:1210: in _do_insert\n    return manager._insert(\n.venv/lib/python3.13/site-packages/django/db/models/manager.py:87: in manager_method\n    return getattr(self.get_queryset(), name)(*args, **kwargs)\n           ^^^^^^^^^^^^^^^^^^^^^^^^^^^^^^^^^^^^^^^^^^^^^^^^^^^\n.venv/lib/python3.13/site-packages/django/db/models/query.py:1868: in _insert\n    return query.get_compiler(using=using).execute_sql(returning_fields)\n           ^^^^^^^^^^^^^^^^^^^^^^^^^^^^^^^^^^^^^^^^^^^^^^^^^^^^^^^^^^^^^\n.venv/lib/python3.13/site-packages/django/db/models/sql/compiler.py:1882: in execute_sql\n    cursor.execute(sql, params)\n.venv/lib/python3.13/site-packages/django/db/backends/utils.py:79: in execute\n    return self._execute_with_wrappers(\n.venv/lib/python3.13/site-packages/django/db/backends/utils.py:92: in _execute_with_wrappers\n    return executor(sql, params, many, context)\n           ^^^^^^^^^^^^^^^^^^^^^^^^^^^^^^^^^^^^\n.venv/lib/python3.13/site-packages/django/db/backends/utils.py:100: in _execute\n    with self.db.wrap_database_errors:\n         ^^^^^^^^^^^^^^^^^^^^^^^^^^^^\n.venv/lib/python3.13/site-packages/django/db/utils.py:91: in __exit__\n    raise dj_exc_value.with_traceback(traceback) from exc_value\n.venv/lib/python3.13/site-packages/django/db/backends/utils.py:105: in _execute\n    return self.cursor.execute(sql, params)\n           ^^^^^^^^^^^^^^^^^^^^^^^^^^^^^^^^\n.venv/lib/python3.13/site-packages/django/db/backends/sqlite3/base.py:360: in execute\n    return super().execute(query, params)\n           ^^^^^^^^^^^^^^^^^^^^^^^^^^^^^^\nE   django.db.utils.IntegrityError: NOT NULL constraint failed: django_app_todo.user_id"}, {"test_name": "tests/test_views.py::TestViews::test_toggle_todo_endpoint_mark_as_not_done", "outcome": "failed", "message": "Failure during test run: .venv/lib/python3.13/site-packages/django/db/backends/utils.py:105: in _execute\n    return self.cursor.execute(sql, params)\n           ^^^^^^^^^^^^^^^^^^^^^^^^^^^^^^^^\n.venv/lib/python3.13/site-packages/django/db/backends/sqlite3/base.py:360: in execute\n    return super().execute(query, params)\n           ^^^^^^^^^^^^^^^^^^^^^^^^^^^^^^\nE   sqlite3.IntegrityError: NOT NULL constraint failed: django_app_todo.user_id\n\nThe above exception was the direct cause of the following exception:\ntests/test_views.py:169: in test_toggle_todo_endpoint_mark_as_not_done\n    todo = Todo.objects.create(content=\"Done todo to toggle\", marked_as_done_at=timezone.now())\n           ^^^^^^^^^^^^^^^^^^^^^^^^^^^^^^^^^^^^^^^^^^^^^^^^^^^^^^^^^^^^^^^^^^^^^^^^^^^^^^^^^^^^\n.venv/lib/python3.13/site-packages/django/db/models/manager.py:87: in manager_method\n    return getattr(self.get_queryset(), name)(*args, **kwargs)\n           ^^^^^^^^^^^^^^^^^^^^^^^^^^^^^^^^^^^^^^^^^^^^^^^^^^^\n.venv/lib/python3.13/site-packages/django/db/models/query.py:663: in create\n    obj.save(force_insert=True, using=self.db)\n.venv/lib/python3.13/site-packages/django/db/models/base.py:902: in save\n    self.save_base(\n.venv/lib/python3.13/site-packages/django/db/models/base.py:1008: in save_base\n    updated = self._save_table(\n.venv/lib/python3.13/site-packages/django/db/models/base.py:1169: in _save_table\n    results = self._do_insert(\n.venv/lib/python3.13/site-packages/django/db/models/base.py:1210: in _do_insert\n    return manager._insert(\n.venv/lib/python3.13/site-packages/django/db/models/manager.py:87: in manager_method\n    return getattr(self.get_queryset(), name)(*args, **kwargs)\n           ^^^^^^^^^^^^^^^^^^^^^^^^^^^^^^^^^^^^^^^^^^^^^^^^^^^\n.venv/lib/python3.13/site-packages/django/db/models/query.py:1868: in _insert\n    return query.get_compiler(using=using).execute_sql(returning_fields)\n           ^^^^^^^^^^^^^^^^^^^^^^^^^^^^^^^^^^^^^^^^^^^^^^^^^^^^^^^^^^^^^\n.venv/lib/python3.13/site-packages/django/db/models/sql/compiler.py:1882: in execute_sql\n    cursor.execute(sql, params)\n.venv/lib/python3.13/site-packages/django/db/backends/utils.py:79: in execute\n    return self._execute_with_wrappers(\n.venv/lib/python3.13/site-packages/django/db/backends/utils.py:92: in _execute_with_wrappers\n    return executor(sql, params, many, context)\n           ^^^^^^^^^^^^^^^^^^^^^^^^^^^^^^^^^^^^\n.venv/lib/python3.13/site-packages/django/db/backends/utils.py:100: in _execute\n    with self.db.wrap_database_errors:\n         ^^^^^^^^^^^^^^^^^^^^^^^^^^^^\n.venv/lib/python3.13/site-packages/django/db/utils.py:91: in __exit__\n    raise dj_exc_value.with_traceback(traceback) from exc_value\n.venv/lib/python3.13/site-packages/django/db/backends/utils.py:105: in _execute\n    return self.cursor.execute(sql, params)\n           ^^^^^^^^^^^^^^^^^^^^^^^^^^^^^^^^\n.venv/lib/python3.13/site-packages/django/db/backends/sqlite3/base.py:360: in execute\n    return super().execute(query, params)\n           ^^^^^^^^^^^^^^^^^^^^^^^^^^^^^^\nE   django.db.utils.IntegrityError: NOT NULL constraint failed: django_app_todo.user_id"}, {"test_name": "tests/test_views.py::TestViews::test_toggle_todo_nonexistent", "outcome": "failed", "message": "Failure during test run: tests/test_views.py:196: in test_toggle_todo_nonexistent\n    self.assertEqual(response.status_code, 404)\nE   AssertionError: 302 != 404"}], "missing_line_coverage": [], "coverage_percentage_for_called_methods": null}, "__event_type__": "TestsRunEvent"}, {"timestamp": 1759999571.9910073, "text": "I see there are several issues with the existing tests. The main issue is that the Todo model has a required `user_id` field. Let me examine the Todo model to understand the structure", "parent_progress_item_id": "fe99a2c0-6748-4f5e-90e0-d63685604415", "__event_type__": "TextOutputEvent"}, {"timestamp": 1759999573.169854, "text": "Tool called: read [src]/django_app/models.py", "parent_progress_item_id": "fe99a2c0-6748-4f5e-90e0-d63685604415", "__event_type__": "TextOutputEvent"}, {"timestamp": 1759999576.8845153, "text": "Now I understand the issue. The Todo model requires a user field, but the existing tests are trying to create Todo objects without providing a user. Let me also check the views to understand how they're implemented", "parent_progress_item_id": "fe99a2c0-6748-4f5e-90e0-d63685604415", "__event_type__": "TextOutputEvent"}, {"timestamp": 1759999577.267429, "text": "Tool called: read [src]/django_app/views.py", "parent_progress_item_id": "fe99a2c0-6748-4f5e-90e0-d63685604415", "__event_type__": "TextOutputEvent"}, {"timestamp": 1759999581.168407, "text": "Now I understand the issue completely. The views require authentication and the Todo model requires a user. I need to fix the existing tests to create users and handle authentication properly. Let me update the test files", "parent_progress_item_id": "fe99a2c0-6748-4f5e-90e0-d63685604415", "__event_type__": "TextOutputEvent"}, {"timestamp": 1759999582.5656836, "text": "Tool called: edit [tests]/test_models.py", "parent_progress_item_id": "fe99a2c0-6748-4f5e-90e0-d63685604415", "__event_type__": "TextOutputEvent"}, {"timestamp": 1759999593.39575, "text": "Tool called: edit [tests]/test_models.py", "parent_progress_item_id": "fe99a2c0-6748-4f5e-90e0-d63685604415", "__event_type__": "TextOutputEvent"}, {"timestamp": 1759999602.520305, "text": "Tool called: edit [tests]/test_models.py", "parent_progress_item_id": "fe99a2c0-6748-4f5e-90e0-d63685604415", "__event_type__": "TextOutputEvent"}, {"timestamp": 1759999605.9967206, "text": "Now I need to fix the views tests. Let me update them to handle authentication", "parent_progress_item_id": "fe99a2c0-6748-4f5e-90e0-d63685604415", "__event_type__": "TextOutputEvent"}, {"timestamp": 1759999607.4669955, "text": "Tool called: edit [tests]/test_views.py", "parent_progress_item_id": "fe99a2c0-6748-4f5e-90e0-d63685604415", "__event_type__": "TextOutputEvent"}, {"timestamp": 1759999611.9817255, "text": "Tool called: edit [tests]/test_views.py", "parent_progress_item_id": "fe99a2c0-6748-4f5e-90e0-d63685604415", "__event_type__": "TextOutputEvent"}, {"timestamp": 1759999615.225014, "text": "Now I need to update all the Todo.objects.create calls in the views tests to include the user", "parent_progress_item_id": "fe99a2c0-6748-4f5e-90e0-d63685604415", "__event_type__": "TextOutputEvent"}, {"timestamp": 1759999616.6965964, "text": "Tool called: edit [tests]/test_views.py", "parent_progress_item_id": "fe99a2c0-6748-4f5e-90e0-d63685604415", "__event_type__": "TextOutputEvent"}, {"timestamp": 1759999620.8849478, "text": "Tool called: edit [tests]/test_views.py", "parent_progress_item_id": "fe99a2c0-6748-4f5e-90e0-d63685604415", "__event_type__": "TextOutputEvent"}, {"timestamp": 1759999625.88784, "text": "Tool called: edit [tests]/test_views.py", "parent_progress_item_id": "fe99a2c0-6748-4f5e-90e0-d63685604415", "__event_type__": "TextOutputEvent"}, {"timestamp": 1759999631.352735, "text": "Tool called: edit [tests]/test_views.py", "parent_progress_item_id": "fe99a2c0-6748-4f5e-90e0-d63685604415", "__event_type__": "TextOutputEvent"}, {"timestamp": 1759999636.1408339, "text": "Tool called: edit [tests]/test_views.py", "parent_progress_item_id": "fe99a2c0-6748-4f5e-90e0-d63685604415", "__event_type__": "TextOutputEvent"}, {"timestamp": 1759999640.651518, "text": "Now I need to handle the authentication issue in some of the endpoint tests. Looking at the views, they require authentication and will return redirects instead of 404s. Let me also check what the URL patterns look like", "parent_progress_item_id": "fe99a2c0-6748-4f5e-90e0-d63685604415", "__event_type__": "TextOutputEvent"}, {"timestamp": 1759999641.2099504, "text": "Tool called: read [src]/django_app/urls.py", "parent_progress_item_id": "fe99a2c0-6748-4f5e-90e0-d63685604415", "__event_type__": "TextOutputEvent"}, {"timestamp": 1759999644.2087564, "text": "I also need to check the main urls.py to see if there are any authentication patterns", "parent_progress_item_id": "fe99a2c0-6748-4f5e-90e0-d63685604415", "__event_type__": "TextOutputEvent"}, {"timestamp": 1759999644.599715, "text": "Tool called: read [src]/django_proj/urls.py", "parent_progress_item_id": "fe99a2c0-6748-4f5e-90e0-d63685604415", "__event_type__": "TextOutputEvent"}, {"timestamp": 1759999649.3658192, "text": "Now let me understand what the views are supposed to return for unauthenticated users. The views are decorated with `@login_required` which will redirect to login. But in the `todo_list` view, there's custom authentication check that returns a specific template. Let me fix the test logic. For now, let me check what happens with non-existent todos", "parent_progress_item_id": "fe99a2c0-6748-4f5e-90e0-d63685604415", "__event_type__": "TextOutputEvent"}, {"timestamp": 1759999651.5412762, "text": "Tool called: edit [tests]/test_views.py", "parent_progress_item_id": "fe99a2c0-6748-4f5e-90e0-d63685604415", "__event_type__": "TextOutputEvent"}, {"timestamp": 1759999655.8273594, "text": "The delete_todo_nonexistent test looks correct but it's failing because the views have a `get_object_or_404(Todo, id=todo_id, user=request.user)` call that filters by user, so it should return 404 for non-existent todos. Let me also fix the toggle_todo test", "parent_progress_item_id": "fe99a2c0-6748-4f5e-90e0-d63685604415", "__event_type__": "TextOutputEvent"}, {"timestamp": 1759999657.743214, "text": "Tool called: edit [tests]/test_views.py", "parent_progress_item_id": "fe99a2c0-6748-4f5e-90e0-d63685604415", "__event_type__": "TextOutputEvent"}, {"timestamp": 1759999662.040975, "text": "These tests look correct. Let me also fix the issue with the POST tests. The `todo_list` view redirects after a successful POST, but the test expects a redirect which is what we're getting. Let me check what's wrong:\n\nLet me run a validation now to see what specific errors we still have", "parent_progress_item_id": "fe99a2c0-6748-4f5e-90e0-d63685604415", "__event_type__": "TextOutputEvent"}, {"timestamp": 1759999664.9196663, "text": "Tool called: mcp__codespeak__validate_tests", "parent_progress_item_id": "fe99a2c0-6748-4f5e-90e0-d63685604415", "__event_type__": "TextOutputEvent"}, {"timestamp": 1759999665.3081794, "progress_item_id": "08b962dd-2f9f-48e2-9c30-a313ea8bd2d5", "status": "Pending", "status_text": null, "title": "Running and validating tests (iteration 2)", "description": null, "parent_item_id": "adf3067b-4bcf-4813-afe1-09c869c81986", "__event_type__": "ProgressItemCreateEvent"}, {"timestamp": 1759999665.3082492, "progress_item_id": "08b962dd-2f9f-48e2-9c30-a313ea8bd2d5", "status": "In Progress", "status_text": null, "__event_type__": "ProgressItemUpdateEvent"}, {"timestamp": 1759999673.9639766, "progress_item_id": "08b962dd-2f9f-48e2-9c30-a313ea8bd2d5", "status": "Done", "status_text": null, "__event_type__": "ProgressItemUpdateEvent"}, {"timestamp": 1759999673.9650335, "test_results": {"test_discovery_failure": null, "tests_summary": {"passed": 22, "failed": 0, "skipped": 0, "error": 0, "xfailed": 0, "xpassed": 0, "deselected": 0, "total": 22, "collected": 22}, "test_failures": [], "missing_line_coverage": [{"file_path": "django_app/views.py", "method_qualified_name": "todo_list", "missing_ranges": [[14, 14]]}], "coverage_percentage_for_called_methods": 90.9090909090909}, "__event_type__": "TestsRunEvent"}, {"timestamp": 1759999677.9756534, "text": "Great! All tests are now passing, but I need to add coverage for line 14 in the `todo_list` view. Looking at the code, line 14 is the authentication check that returns the login template when the user is not authenticated. Let me add a test for this", "parent_progress_item_id": "fe99a2c0-6748-4f5e-90e0-d63685604415", "__event_type__": "TextOutputEvent"}, {"timestamp": 1759999682.8673542, "text": "Tool called: edit [tests]/test_views.py", "parent_progress_item_id": "fe99a2c0-6748-4f5e-90e0-d63685604415", "__event_type__": "TextOutputEvent"}, {"timestamp": 1759999686.7176342, "text": "Now let me run the validation again to see if this covers the missing line", "parent_progress_item_id": "fe99a2c0-6748-4f5e-90e0-d63685604415", "__event_type__": "TextOutputEvent"}, {"timestamp": 1759999688.1618228, "text": "Tool called: mcp__codespeak__validate_tests", "parent_progress_item_id": "fe99a2c0-6748-4f5e-90e0-d63685604415", "__event_type__": "TextOutputEvent"}, {"timestamp": 1759999688.5997949, "progress_item_id": "aff63580-fc5e-4fe5-be0c-26d7f12e9a3c", "status": "Pending", "status_text": null, "title": "Running and validating tests (iteration 3)", "description": null, "parent_item_id": "adf3067b-4bcf-4813-afe1-09c869c81986", "__event_type__": "ProgressItemCreateEvent"}, {"timestamp": 1759999688.599863, "progress_item_id": "aff63580-fc5e-4fe5-be0c-26d7f12e9a3c", "status": "In Progress", "status_text": null, "__event_type__": "ProgressItemUpdateEvent"}, {"timestamp": 1759999697.811726, "progress_item_id": "aff63580-fc5e-4fe5-be0c-26d7f12e9a3c", "status": "Done", "status_text": null, "__event_type__": "ProgressItemUpdateEvent"}, {"timestamp": 1759999697.8128917, "test_results": {"test_discovery_failure": null, "tests_summary": {"passed": 23, "failed": 0, "skipped": 0, "error": 0, "xfailed": 0, "xpassed": 0, "deselected": 0, "total": 23, "collected": 23}, "test_failures": [], "missing_line_coverage": [], "coverage_percentage_for_called_methods": null}, "__event_type__": "TestsRunEvent"}, {"timestamp": 1759999710.1613255, "text": "Perfect! All tests have passed validation. Let me provide a summary of what I accomplished:\n\n## Test Implementation Summary\n\nI successfully implemented unit tests for the two methods specified in `django_app/signals.py`:\n\n### 1. `_read_config_parameter` function - Unit Tests\n- **Test for reading from .env.local file**: Verifies the function correctly reads parameters from the .env.local file\n- **Test for reading from environment variables**: Tests fallback to environment variables when .env.local doesn't exist\n- **Test for precedence**: Ensures .env.local takes precedence over environment variables\n- **Test for fallback behavior**: Verifies fallback to environment variables when parameter isn't in .env.local\n- **Test for case insensitivity**: Confirms parameter names are handled case-insensitively\n- **Test for missing parameters**: Verifies the function returns None when parameters aren't found\n\n### 2. `configure_social_apps` function - Unit Tests\n- **Test for wrong sender**: Verifies early return when sender is not 'django_app'\n- **Test for site creation**: Confirms proper site creation/retrieval\n- **Test for missing credentials**: Ensures providers with missing credentials are skipped\n- **Test for placeholder credentials**: Verifies providers with placeholder credentials are skipped\n- **Test for new social app creation**: Tests creation of new SocialApp instances\n- **Test for existing social app updates**: Verifies updating of existing SocialApp instances\n\n### Additional Fixes\nI also fixed the existing tests that were failing due to model changes:\n- **Updated model tests**: Added required `user` field to all Todo model creation calls\n- **Updated view tests**: Added proper user authentication setup and user assignment\n- **Added missing coverage**: Created test for unauthenticated user access to cover missing line in todo_list view\n\nAll tests now follow the specified guidance for unit tests, use appropriate mocking, include 30-second timeouts, and have proper documentation with test kind and original method FQN comments.\n\nThe test validation confirms that all tests pass and coverage requirements are met.", "parent_progress_item_id": "fe99a2c0-6748-4f5e-90e0-d63685604415", "__event_type__": "TextOutputEvent"}, {"timestamp": 1759999711.0085301, "progress_item_id": "fe99a2c0-6748-4f5e-90e0-d63685604415", "status": "Done", "status_text": null, "__event_type__": "ProgressItemUpdateEvent"}, {"timestamp": 1759999711.1965907, "progress_item_id": "adf3067b-4bcf-4813-afe1-09c869c81986", "status": "Done", "status_text": null, "__event_type__": "ProgressItemUpdateEvent"}, {"timestamp": 1759999711.2147715, "text": "App built successfully.", "parent_progress_item_id": null, "__event_type__": "TextOutputEvent"}]